[debug] [2026-03-07T02:16:05.002Z] ----------------------------------------------------------------------
[debug] [2026-03-07T02:16:05.005Z] Command:       /usr/local/nvm/versions/node/v24.13.1/bin/node /usr/local/node_packages/node_modules/.bin/firebase init hosting:github
[debug] [2026-03-07T02:16:05.005Z] CLI Version:   14.26.0
[debug] [2026-03-07T02:16:05.006Z] Platform:      linux
[debug] [2026-03-07T02:16:05.006Z] Node Version:  v24.13.1
[debug] [2026-03-07T02:16:05.006Z] Time:          Sat Mar 07 2026 02:16:05 GMT+0000 (Coordinated Universal Time)
[debug] [2026-03-07T02:16:05.006Z] ----------------------------------------------------------------------
[debug] 
[info] 
     ######## #### ########  ######## ########     ###     ######  ########
     ##        ##  ##     ## ##       ##     ##  ##   ##  ##       ##
     ######    ##  ########  ######   ########  #########  ######  ######
     ##        ##  ##    ##  ##       ##     ## ##     ##       ## ##
     ##       #### ##     ## ######## ########  ##     ##  ######  ########

You're about to initialize a Firebase project in this directory:

  /home/underpressure587/Under-Pressure

Before we get started, keep in mind:

  * You are initializing within an existing Firebase project directory

[info] 
=== Project Setup
[info] 
[info] First, let's associate this project directory with a Firebase project.
[info] You can create multiple project aliases by running firebase use --add, 
[info] 
[debug] [2026-03-07T02:16:05.556Z] > command requires scopes: ["email","openid","https://www.googleapis.com/auth/cloudplatformprojects.readonly","https://www.googleapis.com/auth/firebase","https://www.googleapis.com/auth/cloud-platform"]
[debug] [2026-03-07T02:16:05.557Z] > authorizing via signed-in user (underpressure587@gmail.com)
[debug] [2026-03-07T02:16:05.559Z] Checked if tokens are valid: true, expires at: 1772852647328
[debug] [2026-03-07T02:16:05.559Z] Checked if tokens are valid: true, expires at: 1772852647328
[debug] [2026-03-07T02:16:05.561Z] >>> [apiv2][query] GET https://firebase.googleapis.com/v1beta1/projects/under-pressure-49320 [none]
[debug] [2026-03-07T02:16:05.888Z] <<< [apiv2][status] GET https://firebase.googleapis.com/v1beta1/projects/under-pressure-49320 200
[debug] [2026-03-07T02:16:05.888Z] <<< [apiv2][body] GET https://firebase.googleapis.com/v1beta1/projects/under-pressure-49320 {"projectId":"under-pressure-49320","projectNumber":"240438805750","displayName":"Under Pressure","name":"projects/under-pressure-49320","resources":{"hostingSite":"under-pressure-49320"},"state":"ACTIVE","etag":"1_e902e651-20dc-469e-8865-92cd9e302f68"}
[info] i  Using project under-pressure-49320 (Under Pressure) . 
[info] 
=== Hosting:github Setup
[info] 
[info] i  Detected a .git folder at /home/underpressure587/Under-Pressure 
[info] i  Authorizing with GitHub to upload your service account to a GitHub repository's secrets store. 
[info] 
[info] Visit this URL on this device to log in:
[info] https://github.com/login/oauth/authorize?client_id=89cf50f02ac6aaed3484&state=113461044&redirect_uri=http%3A%2F%2Flocalhost%3A9005&scope=read%3Auser%20repo%20public_repo
[info] 
[info] Waiting for authentication...
[debug] [2026-03-07T02:23:57.536Z] ----------------------------------------------------------------------
[debug] [2026-03-07T02:23:57.539Z] Command:       /usr/local/nvm/versions/node/v24.13.1/bin/node /usr/local/node_packages/node_modules/.bin/firebase init hosting:github
[debug] [2026-03-07T02:23:57.539Z] CLI Version:   14.26.0
[debug] [2026-03-07T02:23:57.540Z] Platform:      linux
[debug] [2026-03-07T02:23:57.540Z] Node Version:  v24.13.1
[debug] [2026-03-07T02:23:57.540Z] Time:          Sat Mar 07 2026 02:23:57 GMT+0000 (Coordinated Universal Time)
[debug] [2026-03-07T02:23:57.541Z] ----------------------------------------------------------------------
[debug] 
[info] 
     ######## #### ########  ######## ########     ###     ######  ########
     ##        ##  ##     ## ##       ##     ##  ##   ##  ##       ##
     ######    ##  ########  ######   ########  #########  ######  ######
     ##        ##  ##    ##  ##       ##     ## ##     ##       ## ##
     ##       #### ##     ## ######## ########  ##     ##  ######  ########

You're about to initialize a Firebase project in this directory:

  /home/underpressure587/Under-Pressure

Before we get started, keep in mind:

  * You are initializing within an existing Firebase project directory

[info] 
=== Project Setup
[info] 
[info] First, let's associate this project directory with a Firebase project.
[info] You can create multiple project aliases by running firebase use --add, 
[info] 
[debug] [2026-03-07T02:23:58.053Z] > command requires scopes: ["email","openid","https://www.googleapis.com/auth/cloudplatformprojects.readonly","https://www.googleapis.com/auth/firebase","https://www.googleapis.com/auth/cloud-platform"]
[debug] [2026-03-07T02:23:58.054Z] > authorizing via signed-in user (underpressure587@gmail.com)
[debug] [2026-03-07T02:23:58.055Z] Checked if tokens are valid: true, expires at: 1772852647328
[debug] [2026-03-07T02:23:58.056Z] Checked if tokens are valid: true, expires at: 1772852647328
[debug] [2026-03-07T02:23:58.057Z] >>> [apiv2][query] GET https://firebase.googleapis.com/v1beta1/projects/under-pressure-49320 [none]
[debug] [2026-03-07T02:23:58.421Z] <<< [apiv2][status] GET https://firebase.googleapis.com/v1beta1/projects/under-pressure-49320 200
[debug] [2026-03-07T02:23:58.421Z] <<< [apiv2][body] GET https://firebase.googleapis.com/v1beta1/projects/under-pressure-49320 {"projectId":"under-pressure-49320","projectNumber":"240438805750","displayName":"Under Pressure","name":"projects/under-pressure-49320","resources":{"hostingSite":"under-pressure-49320"},"state":"ACTIVE","etag":"1_e902e651-20dc-469e-8865-92cd9e302f68"}
[info] i  Using project under-pressure-49320 (Under Pressure) . 
[info] 
=== Hosting:github Setup
[info] 
[info] i  Detected a .git folder at /home/underpressure587/Under-Pressure 
[info] i  Authorizing with GitHub to upload your service account to a GitHub repository's secrets store. 
[info] 
[info] Visit this URL on this device to log in:
[info] https://github.com/login/oauth/authorize?client_id=89cf50f02ac6aaed3484&state=629674642&redirect_uri=http%3A%2F%2Flocalhost%3A9006&scope=read%3Auser%20repo%20public_repo
[info] 
[info] Waiting for authentication...
[debug] [2026-03-07T02:36:15.509Z] ----------------------------------------------------------------------
[debug] [2026-03-07T02:36:15.512Z] Command:       /usr/local/nvm/versions/node/v24.13.1/bin/node /usr/local/node_packages/node_modules/.bin/firebase init hosting:github
[debug] [2026-03-07T02:36:15.512Z] CLI Version:   14.26.0
[debug] [2026-03-07T02:36:15.512Z] Platform:      linux
[debug] [2026-03-07T02:36:15.513Z] Node Version:  v24.13.1
[debug] [2026-03-07T02:36:15.513Z] Time:          Sat Mar 07 2026 02:36:15 GMT+0000 (Coordinated Universal Time)
[debug] [2026-03-07T02:36:15.513Z] ----------------------------------------------------------------------
[debug] 
[info] 
     ######## #### ########  ######## ########     ###     ######  ########
     ##        ##  ##     ## ##       ##     ##  ##   ##  ##       ##
     ######    ##  ########  ######   ########  #########  ######  ######
     ##        ##  ##    ##  ##       ##     ## ##     ##       ## ##
     ##       #### ##     ## ######## ########  ##     ##  ######  ########

You're about to initialize a Firebase project in this directory:

  /home/underpressure587/Under-Pressure

Before we get started, keep in mind:

  * You are initializing within an existing Firebase project directory

[info] 
=== Project Setup
[info] 
[info] First, let's associate this project directory with a Firebase project.
[info] You can create multiple project aliases by running firebase use --add, 
[info] 
[debug] [2026-03-07T02:36:15.945Z] > command requires scopes: ["email","openid","https://www.googleapis.com/auth/cloudplatformprojects.readonly","https://www.googleapis.com/auth/firebase","https://www.googleapis.com/auth/cloud-platform"]
[debug] [2026-03-07T02:36:15.946Z] > authorizing via signed-in user (underpressure587@gmail.com)
[debug] [2026-03-07T02:36:15.947Z] Checked if tokens are valid: true, expires at: 1772852647328
[debug] [2026-03-07T02:36:15.948Z] Checked if tokens are valid: true, expires at: 1772852647328
[debug] [2026-03-07T02:36:15.949Z] >>> [apiv2][query] GET https://firebase.googleapis.com/v1beta1/projects/under-pressure-49320 [none]
[debug] [2026-03-07T02:36:16.183Z] <<< [apiv2][status] GET https://firebase.googleapis.com/v1beta1/projects/under-pressure-49320 200
[debug] [2026-03-07T02:36:16.184Z] <<< [apiv2][body] GET https://firebase.googleapis.com/v1beta1/projects/under-pressure-49320 {"projectId":"under-pressure-49320","projectNumber":"240438805750","displayName":"Under Pressure","name":"projects/under-pressure-49320","resources":{"hostingSite":"under-pressure-49320"},"state":"ACTIVE","etag":"1_e902e651-20dc-469e-8865-92cd9e302f68"}
[info] i  Using project under-pressure-49320 (Under Pressure) . 
[info] 
=== Hosting:github Setup
[info] 
[info] i  Detected a .git folder at /home/underpressure587/Under-Pressure 
[info] i  Authorizing with GitHub to upload your service account to a GitHub repository's secrets store. 
[info] 
[info] Visit this URL on this device to log in:
[info] https://github.com/login/oauth/authorize?client_id=89cf50f02ac6aaed3484&state=881908324&redirect_uri=http%3A%2F%2Flocalhost%3A9007&scope=read%3Auser%20repo%20public_repo
[info] 
[info] Waiting for authentication...
[debug] [2026-03-07T02:39:58.922Z] ----------------------------------------------------------------------
[debug] [2026-03-07T02:39:58.924Z] Command:       /usr/local/nvm/versions/node/v24.13.1/bin/node /usr/local/node_packages/node_modules/.bin/firebase init hosting:github
[debug] [2026-03-07T02:39:58.925Z] CLI Version:   14.26.0
[debug] [2026-03-07T02:39:58.925Z] Platform:      linux
[debug] [2026-03-07T02:39:58.925Z] Node Version:  v24.13.1
[debug] [2026-03-07T02:39:58.925Z] Time:          Sat Mar 07 2026 02:39:58 GMT+0000 (Coordinated Universal Time)
[debug] [2026-03-07T02:39:58.926Z] ----------------------------------------------------------------------
[debug] 
[info] 
     ######## #### ########  ######## ########     ###     ######  ########
     ##        ##  ##     ## ##       ##     ##  ##   ##  ##       ##
     ######    ##  ########  ######   ########  #########  ######  ######
     ##        ##  ##    ##  ##       ##     ## ##     ##       ## ##
     ##       #### ##     ## ######## ########  ##     ##  ######  ########

You're about to initialize a Firebase project in this directory:

  /home/underpressure587/Under-Pressure

Before we get started, keep in mind:

  * You are initializing within an existing Firebase project directory

[info] 
=== Project Setup
[info] 
[info] First, let's associate this project directory with a Firebase project.
[info] You can create multiple project aliases by running firebase use --add, 
[info] 
[debug] [2026-03-07T02:39:59.352Z] > command requires scopes: ["email","openid","https://www.googleapis.com/auth/cloudplatformprojects.readonly","https://www.googleapis.com/auth/firebase","https://www.googleapis.com/auth/cloud-platform"]
[debug] [2026-03-07T02:39:59.352Z] > authorizing via signed-in user (underpressure587@gmail.com)
[debug] [2026-03-07T02:39:59.354Z] Checked if tokens are valid: true, expires at: 1772852647328
[debug] [2026-03-07T02:39:59.354Z] Checked if tokens are valid: true, expires at: 1772852647328
[debug] [2026-03-07T02:39:59.355Z] >>> [apiv2][query] GET https://firebase.googleapis.com/v1beta1/projects/under-pressure-49320 [none]
[debug] [2026-03-07T02:39:59.642Z] <<< [apiv2][status] GET https://firebase.googleapis.com/v1beta1/projects/under-pressure-49320 200
[debug] [2026-03-07T02:39:59.643Z] <<< [apiv2][body] GET https://firebase.googleapis.com/v1beta1/projects/under-pressure-49320 {"projectId":"under-pressure-49320","projectNumber":"240438805750","displayName":"Under Pressure","name":"projects/under-pressure-49320","resources":{"hostingSite":"under-pressure-49320"},"state":"ACTIVE","etag":"1_e902e651-20dc-469e-8865-92cd9e302f68"}
[info] i  Using project under-pressure-49320 (Under Pressure) . 
[info] 
=== Hosting:github Setup
[info] 
[info] i  Detected a .git folder at /home/underpressure587/Under-Pressure 
[info] i  Authorizing with GitHub to upload your service account to a GitHub repository's secrets store. 
[info] 
[info] Visit this URL on this device to log in:
[info] https://github.com/login/oauth/authorize?client_id=89cf50f02ac6aaed3484&state=667581047&redirect_uri=http%3A%2F%2Flocalhost%3A9008&scope=read%3Auser%20repo%20public_repo
[info] 
[info] Waiting for authentication...
[debug] [2026-03-07T02:53:31.064Z] ----------------------------------------------------------------------
[debug] [2026-03-07T02:53:31.067Z] Command:       /usr/local/nvm/versions/node/v24.13.1/bin/node /usr/local/node_packages/node_modules/.bin/firebase init hosting:github
[debug] [2026-03-07T02:53:31.068Z] CLI Version:   14.26.0
[debug] [2026-03-07T02:53:31.068Z] Platform:      linux
[debug] [2026-03-07T02:53:31.069Z] Node Version:  v24.13.1
[debug] [2026-03-07T02:53:31.069Z] Time:          Sat Mar 07 2026 02:53:31 GMT+0000 (Coordinated Universal Time)
[debug] [2026-03-07T02:53:31.069Z] ----------------------------------------------------------------------
[debug] 
[info] 
     ######## #### ########  ######## ########     ###     ######  ########
     ##        ##  ##     ## ##       ##     ##  ##   ##  ##       ##
     ######    ##  ########  ######   ########  #########  ######  ######
     ##        ##  ##    ##  ##       ##     ## ##     ##       ## ##
     ##       #### ##     ## ######## ########  ##     ##  ######  ########

You're about to initialize a Firebase project in this directory:

  /home/underpressure587/Under-Pressure

Before we get started, keep in mind:

  * You are initializing within an existing Firebase project directory

[info] 
=== Project Setup
[info] 
[info] First, let's associate this project directory with a Firebase project.
[info] You can create multiple project aliases by running firebase use --add, 
[info] 
[debug] [2026-03-07T02:53:31.511Z] > command requires scopes: ["email","openid","https://www.googleapis.com/auth/cloudplatformprojects.readonly","https://www.googleapis.com/auth/firebase","https://www.googleapis.com/auth/cloud-platform"]
[debug] [2026-03-07T02:53:31.511Z] > authorizing via signed-in user (underpressure587@gmail.com)
[debug] [2026-03-07T02:53:31.513Z] Checked if tokens are valid: true, expires at: 1772855494427
[debug] [2026-03-07T02:53:31.513Z] Checked if tokens are valid: true, expires at: 1772855494427
[debug] [2026-03-07T02:53:31.515Z] >>> [apiv2][query] GET https://firebase.googleapis.com/v1beta1/projects/under-pressure-49320 [none]
[debug] [2026-03-07T02:53:31.820Z] <<< [apiv2][status] GET https://firebase.googleapis.com/v1beta1/projects/under-pressure-49320 200
[debug] [2026-03-07T02:53:31.820Z] <<< [apiv2][body] GET https://firebase.googleapis.com/v1beta1/projects/under-pressure-49320 {"projectId":"under-pressure-49320","projectNumber":"240438805750","displayName":"Under Pressure","name":"projects/under-pressure-49320","resources":{"hostingSite":"under-pressure-49320"},"state":"ACTIVE","etag":"1_e902e651-20dc-469e-8865-92cd9e302f68"}
[info] i  Using project under-pressure-49320 (Under Pressure) . 
[info] 
=== Hosting:github Setup
[info] 
[info] i  Detected a .git folder at /home/underpressure587/Under-Pressure 
[info] i  Authorizing with GitHub to upload your service account to a GitHub repository's secrets store. 
[info] 
[info] Visit this URL on this device to log in:
[info] https://github.com/login/oauth/authorize?client_id=89cf50f02ac6aaed3484&state=824402011&redirect_uri=http%3A%2F%2Flocalhost%3A9010&scope=read%3Auser%20repo%20public_repo
[info] 
[info] Waiting for authentication...
